<?xml version="1.0" encoding="UTF-8"?>
<!-- Generated by org.testng.reporters.JUnitReportReporter -->
<testsuite hostname="LTIN488041" failures="0" tests="6" name="testCases.MainTest" time="158.973" errors="0" timestamp="2024-04-02T16:37:04 IST" skipped="0">
  <testcase classname="testCases.MainTest" name="beCognizantTest" time="18.401"/>
  <testcase classname="testCases.MainTest" name="beCognizantTest" time="17.818"/>
  <testcase classname="testCases.MainTest" name="oneCognizantTest" time="2.510"/>
  <testcase classname="testCases.MainTest" name="oneCognizantTest" time="64.211"/>
  <testcase classname="testCases.MainTest" name="GSDHomePageTest" time="25.855"/>
  <testcase classname="testCases.MainTest" name="GSDHomePageTest" time="30.178"/>
</testsuite> <!-- testCases.MainTest -->
